<?xml version="1.0" encoding="UTF-8"?>
<!-- Generated by org.testng.reporters.JUnitReportReporter -->
<testsuite hostname="DESKTOP-77JILL3" failures="0" tests="1" name="ccSelectors.CSSAttributeSelectors" time="64.617" errors="0" timestamp="2022-02-03T16:46:08 IST" skipped="0">
  <testcase classname="ccSelectors.CSSAttributeSelectors" name="attributeSelectors" time="64.617"/>
  <system-out/>
</testsuite> <!-- ccSelectors.CSSAttributeSelectors -->
