<?xml version="1.0" encoding="UTF-8"?>
<!-- Generated by org.testng.reporters.JUnitReportReporter -->
<testsuite hostname="DESKTOP-77JILL3" failures="0" tests="1" name="ccSelectors.PseudoClassSelectors" time="64.661" errors="0" timestamp="2022-02-07T15:48:10 IST" skipped="0">
  <testcase classname="ccSelectors.PseudoClassSelectors" name="combinatorSelectors" time="64.661"/>
  <system-out/>
</testsuite> <!-- ccSelectors.PseudoClassSelectors -->
