<?xml version="1.0" encoding="UTF-8"?>
<!-- Generated by org.testng.reporters.JUnitReportReporter -->
<testsuite hostname="DESKTOP-77JILL3" failures="0" tests="1" name="ccSelectors.CSCombinatorSelectors" time="56.857" errors="0" timestamp="2022-02-04T15:02:39 IST" skipped="0">
  <testcase classname="ccSelectors.CSCombinatorSelectors" name="combinatorSelectors" time="56.857"/>
  <system-out/>
</testsuite> <!-- ccSelectors.CSCombinatorSelectors -->
