<?xml version="1.0" encoding="UTF-8"?>
<!-- Generated by org.testng.reporters.JUnitReportReporter -->
<testsuite hostname="DESKTOP-77JILL3" failures="0" tests="1" name="dropdownspracttice.GreenCart" time="24.093" errors="0" timestamp="2022-02-11T18:41:28 IST" skipped="0">
  <testcase classname="dropdownspracttice.GreenCart" name="addToCart" time="24.093"/>
  <system-out/>
</testsuite> <!-- dropdownspracttice.GreenCart -->
