<?xml version="1.0" encoding="UTF-8"?>
<!-- Generated by org.testng.reporters.JUnitReportReporter -->
<testsuite hostname="DESKTOP-77JILL3" failures="0" tests="1" name="ccSelectors.EportalPractice" time="170.965" errors="0" timestamp="2022-02-08T16:45:35 IST" skipped="0">
  <testcase classname="ccSelectors.EportalPractice" name="testMyEportal" time="170.965"/>
  <system-out/>
</testsuite> <!-- ccSelectors.EportalPractice -->
