<?xml version="1.0" encoding="UTF-8"?>
<!-- Generated by org.testng.reporters.JUnitReportReporter -->
<testsuite hostname="DESKTOP-77JILL3" failures="0" tests="1" name="dropdownspracttice.CalanderPractice" time="175.223" errors="0" timestamp="2022-02-14T16:24:52 IST" skipped="0">
  <testcase classname="dropdownspracttice.CalanderPractice" name="calanderTest" time="175.223"/>
  <system-out/>
</testsuite> <!-- dropdownspracttice.CalanderPractice -->
