<?xml version="1.0" encoding="UTF-8"?>
<!-- Generated by org.testng.reporters.JUnitReportReporter -->
<testsuite hostname="DESKTOP-77JILL3" failures="0" tests="1" name="ccSelectors.ExtractPasswordDynamically" time="31.198" errors="0" timestamp="2022-02-08T18:53:00 IST" skipped="0">
  <testcase classname="ccSelectors.ExtractPasswordDynamically" name="getPasswordDynamically" time="31.198"/>
  <system-out/>
</testsuite> <!-- ccSelectors.ExtractPasswordDynamically -->
