<?xml version="1.0" encoding="UTF-8"?>
<!-- Generated by org.testng.reporters.JUnitReportReporter -->
<testsuite hostname="DESKTOP-77JILL3" failures="0" tests="1" name="dropdownspracttice.LoginPageWaitsPractice" time="14.035" errors="0" timestamp="2022-02-12T18:01:11 IST" skipped="0">
  <testcase classname="dropdownspracttice.LoginPageWaitsPractice" name="waitsTest" time="14.035"/>
  <system-out/>
</testsuite> <!-- dropdownspracttice.LoginPageWaitsPractice -->
