<?xml version="1.0" encoding="UTF-8"?>
<!-- Generated by org.testng.reporters.JUnitReportReporter -->
<testsuite hostname="DESKTOP-77JILL3" failures="0" tests="1" name="ccSelectors.CSSSimpleSelectorsPractice" time="38.527" errors="0" timestamp="2022-02-03T15:34:43 IST" skipped="0">
  <testcase classname="ccSelectors.CSSSimpleSelectorsPractice" name="simpleSelectors" time="38.527"/>
  <system-out/>
</testsuite> <!-- ccSelectors.CSSSimpleSelectorsPractice -->
