<?xml version="1.0" encoding="UTF-8"?>
<!-- Generated by org.testng.reporters.JUnitReportReporter -->
<testsuite hostname="DESKTOP-77JILL3" failures="0" tests="2" name="dropdownspracttice.StaticDropdowns" time="32.434" errors="0" timestamp="2022-02-10T23:36:39 IST" skipped="0">
  <testcase classname="dropdownspracttice.StaticDropdowns" name="staticDropdowns" time="19.685"/>
  <system-out/>
  <testcase classname="dropdownspracttice.StaticDropdowns" name="autoSuggestiveDropdown" time="12.749"/>
  <system-out/>
</testsuite> <!-- dropdownspracttice.StaticDropdowns -->
