<?xml version="1.0" encoding="UTF-8"?>
<!-- Generated by org.testng.reporters.JUnitReportReporter -->
<testsuite hostname="DESKTOP-77JILL3" failures="0" tests="2" name="MyFramework.App" time="94.253" errors="0" timestamp="2022-02-01T15:14:53 IST" skipped="0">
  <testcase classname="MyFramework.App" name="test" time="73.428"/>
  <system-out/>
  <testcase classname="MyFramework.App" name="test" time="20.825"/>
  <system-out/>
</testsuite> <!-- MyFramework.App -->
