<?xml version="1.0" encoding="UTF-8"?>
<!-- Generated by org.testng.reporters.JUnitReportReporter -->
<testsuite hostname="DESKTOP-77JILL3" failures="0" tests="1" name="dropdownspracttice.WindowHandlerPractice" time="23.859" errors="0" timestamp="2022-02-14T09:28:16 IST" skipped="0">
  <testcase classname="dropdownspracttice.WindowHandlerPractice" name="doNotHardcodeValueExample" time="23.859"/>
  <system-out/>
</testsuite> <!-- dropdownspracttice.WindowHandlerPractice -->
