<?xml version="1.0" encoding="UTF-8"?>
<!-- Generated by org.testng.reporters.JUnitReportReporter -->
<testsuite hostname="DESKTOP-77JILL3" failures="0" tests="5" name="cucumberoptions.CucumberOptions" time="0.246" errors="0" timestamp="2022-02-16T17:24:53 IST" skipped="0">
  <testcase classname="cucumberoptions.CucumberOptions" name="runScenario" time="0.023"/>
  <system-out/>
  <testcase classname="cucumberoptions.CucumberOptions" name="runScenario" time="0.012"/>
  <system-out/>
  <testcase classname="cucumberoptions.CucumberOptions" name="runScenario" time="0.182"/>
  <system-out/>
  <testcase classname="cucumberoptions.CucumberOptions" name="runScenario" time="0.018"/>
  <system-out/>
  <testcase classname="cucumberoptions.CucumberOptions" name="runScenario" time="0.011"/>
  <system-out/>
</testsuite> <!-- cucumberoptions.CucumberOptions -->
