<?xml version="1.0" encoding="UTF-8"?>
<!-- Generated by org.testng.reporters.JUnitReportReporter -->
<testsuite hostname="DESKTOP-77JILL3" failures="0" tests="1" name="dropdownspracttice.CheckBoxPractice" time="27.660" errors="0" timestamp="2022-02-11T12:25:00 IST" skipped="0">
  <testcase classname="dropdownspracttice.CheckBoxPractice" name="formPractice" time="27.660"/>
  <system-out/>
</testsuite> <!-- dropdownspracttice.CheckBoxPractice -->
